Build started 2/10/2015 8:55:37 PM.
     1>Project "C:\Users\mp755\Desktop\SPRING 2015\Work\CMPSC 457\Labs\Lab 4\Lab4\Lab4.vcxproj" on node 2 (Build target(s)).
     1>ClCompile:
         C:\Program Files (x86)\Microsoft Visual Studio 12.0\VC\bin\CL.exe /c /I"C:\Users\mp755\Desktop\SPRING 2015\Work\CMPSC 457\Labs\Lab 4\packages\nupengl.core.0.0.0.1\build\native\../..//build/native/include/" /ZI /nologo /W3 /WX- /sdl /Od /Oy- /D _MBCS /Gm /EHsc /RTC1 /MDd /GS /fp:precise /Zc:wchar_t /Zc:forScope /Fo"Debug\\" /Fd"Debug\vc120.pdb" /Gd /TP /analyze- /errorReport:prompt Source.cpp
         Source.cpp
     1>c:\users\mp755\desktop\spring 2015\work\cmpsc 457\labs\lab 4\lab4\source.cpp(155): warning C4305: 'argument' : truncation from 'double' to 'GLfloat'
     1>c:\users\mp755\desktop\spring 2015\work\cmpsc 457\labs\lab 4\lab4\source.cpp(157): warning C4305: 'argument' : truncation from 'double' to 'GLfloat'
     1>c:\users\mp755\desktop\spring 2015\work\cmpsc 457\labs\lab 4\lab4\source.cpp(158): warning C4305: 'argument' : truncation from 'double' to 'GLfloat'
     1>c:\users\mp755\desktop\spring 2015\work\cmpsc 457\labs\lab 4\lab4\source.cpp(164): warning C4305: 'argument' : truncation from 'double' to 'GLfloat'
     1>c:\users\mp755\desktop\spring 2015\work\cmpsc 457\labs\lab 4\lab4\source.cpp(165): warning C4305: 'argument' : truncation from 'double' to 'GLfloat'
     1>c:\users\mp755\desktop\spring 2015\work\cmpsc 457\labs\lab 4\lab4\source.cpp(172): warning C4305: 'argument' : truncation from 'double' to 'GLfloat'
     1>c:\users\mp755\desktop\spring 2015\work\cmpsc 457\labs\lab 4\lab4\source.cpp(173): warning C4305: 'argument' : truncation from 'double' to 'GLfloat'
     1>c:\users\mp755\desktop\spring 2015\work\cmpsc 457\labs\lab 4\lab4\source.cpp(180): warning C4305: 'argument' : truncation from 'double' to 'GLfloat'
     1>c:\users\mp755\desktop\spring 2015\work\cmpsc 457\labs\lab 4\lab4\source.cpp(181): warning C4305: 'argument' : truncation from 'double' to 'GLfloat'
     1>c:\users\mp755\desktop\spring 2015\work\cmpsc 457\labs\lab 4\lab4\source.cpp(188): warning C4305: 'argument' : truncation from 'double' to 'GLfloat'
     1>c:\users\mp755\desktop\spring 2015\work\cmpsc 457\labs\lab 4\lab4\source.cpp(189): warning C4305: 'argument' : truncation from 'double' to 'GLfloat'
     1>c:\users\mp755\desktop\spring 2015\work\cmpsc 457\labs\lab 4\lab4\source.cpp(201): warning C4305: 'argument' : truncation from 'double' to 'GLfloat'
     1>c:\users\mp755\desktop\spring 2015\work\cmpsc 457\labs\lab 4\lab4\source.cpp(202): warning C4305: 'argument' : truncation from 'double' to 'GLfloat'
     1>c:\users\mp755\desktop\spring 2015\work\cmpsc 457\labs\lab 4\lab4\source.cpp(214): warning C4305: 'argument' : truncation from 'double' to 'GLfloat'
     1>c:\users\mp755\desktop\spring 2015\work\cmpsc 457\labs\lab 4\lab4\source.cpp(215): warning C4305: 'argument' : truncation from 'double' to 'GLfloat'
     1>c:\users\mp755\desktop\spring 2015\work\cmpsc 457\labs\lab 4\lab4\source.cpp(225): warning C4244: 'argument' : conversion from 'double' to 'GLfloat', possible loss of data
     1>c:\users\mp755\desktop\spring 2015\work\cmpsc 457\labs\lab 4\lab4\source.cpp(230): warning C4305: 'argument' : truncation from 'double' to 'GLfloat'
     1>c:\users\mp755\desktop\spring 2015\work\cmpsc 457\labs\lab 4\lab4\source.cpp(238): warning C4244: 'argument' : conversion from 'double' to 'GLfloat', possible loss of data
     1>c:\users\mp755\desktop\spring 2015\work\cmpsc 457\labs\lab 4\lab4\source.cpp(243): warning C4305: 'argument' : truncation from 'double' to 'GLfloat'
       Link:
         C:\Program Files (x86)\Microsoft Visual Studio 12.0\VC\bin\link.exe /ERRORREPORT:PROMPT /OUT:"C:\Users\mp755\Desktop\SPRING 2015\Work\CMPSC 457\Labs\Lab 4\Debug\Lab4.exe" /INCREMENTAL /NOLOGO "C:\Users\mp755\Desktop\SPRING 2015\Work\CMPSC 457\Labs\Lab 4\packages\nupengl.core.0.0.0.1\build\native\../..//build/native/lib/Win32\v120\glew32.lib" "C:\Users\mp755\Desktop\SPRING 2015\Work\CMPSC 457\Labs\Lab 4\packages\nupengl.core.0.0.0.1\build\native\../..//build/native/lib/Win32\v120\glfw3dll.lib" "C:\Users\mp755\Desktop\SPRING 2015\Work\CMPSC 457\Labs\Lab 4\packages\nupengl.core.0.0.0.1\build\native\../..//build/native/lib/Win32\v120\freeglut.lib" kernel32.lib user32.lib gdi32.lib winspool.lib comdlg32.lib advapi32.lib shell32.lib ole32.lib oleaut32.lib uuid.lib odbc32.lib odbccp32.lib /MANIFEST /MANIFESTUAC:"level='asInvoker' uiAccess='false'" /manifest:embed /DEBUG /PDB:"C:\Users\mp755\Desktop\SPRING 2015\Work\CMPSC 457\Labs\Lab 4\Debug\Lab4.pdb" /TLBID:1 /DYNAMICBASE /NXCOMPAT /IMPLIB:"C:\Users\mp755\Desktop\SPRING 2015\Work\CMPSC 457\Labs\Lab 4\Debug\Lab4.lib" /MACHINE:X86 Debug\Source.obj
         Lab4.vcxproj -> C:\Users\mp755\Desktop\SPRING 2015\Work\CMPSC 457\Labs\Lab 4\Debug\Lab4.exe
     1>Done Building Project "C:\Users\mp755\Desktop\SPRING 2015\Work\CMPSC 457\Labs\Lab 4\Lab4\Lab4.vcxproj" (Build target(s)).

Build succeeded.

Time Elapsed 00:00:03.07
